0 info it worked if it ends with ok
1 verbose cli [ 'C:\\Program Files\\nodejs\\node.exe',
1 verbose cli   'C:\\Program Files\\nodejs\\node_modules\\npm\\bin\\npm-cli.js',
1 verbose cli   'run',
1 verbose cli   'build-css' ]
2 info using npm@3.10.10
3 info using node@v7.3.0
4 verbose run-script [ 'prebuild-css', 'build-css', 'postbuild-css' ]
5 info lifecycle mailbox@1.0.0~prebuild-css: mailbox@1.0.0
6 silly lifecycle mailbox@1.0.0~prebuild-css: no script for prebuild-css, continuing
7 info lifecycle mailbox@1.0.0~build-css: mailbox@1.0.0
8 verbose lifecycle mailbox@1.0.0~build-css: unsafe-perm in lifecycle true
9 verbose lifecycle mailbox@1.0.0~build-css: PATH: C:\Program Files\nodejs\node_modules\npm\bin\node-gyp-bin;D:\WebServers\home\final\firebase\firebase.js\node_modules\.bin;C:\Program Files\nodejs\node_modules\npm\bin\node-gyp-bin;D:\WebServers\home\final\firebase\firebase.js\node_modules\.bin;C:\ProgramData\Oracle\Java\javapath;C:\Windows\system32;C:\Windows;C:\Windows\System32\Wbem;C:\Windows\System32\WindowsPowerShell\v1.0\;C:\Program Files (x86)\Skype\Phone\;C:\Program Files\nodejs\;C:\Borland\BCC55\Bin;C:\Users\Администратор\AppData\Roaming\npm
10 verbose lifecycle mailbox@1.0.0~build-css: CWD: D:\WebServers\home\final\firebase\firebase.js
11 silly lifecycle mailbox@1.0.0~build-css: Args: [ '/d /s /c',
11 silly lifecycle   'node-sass --include-path scss app/main.scss app/main.css' ]
12 silly lifecycle mailbox@1.0.0~build-css: Returned: code: 1  signal: null
13 info lifecycle mailbox@1.0.0~build-css: Failed to exec build-css script
14 verbose stack Error: mailbox@1.0.0 build-css: `node-sass --include-path scss app/main.scss app/main.css`
14 verbose stack Exit status 1
14 verbose stack     at EventEmitter.<anonymous> (C:\Program Files\nodejs\node_modules\npm\lib\utils\lifecycle.js:255:16)
14 verbose stack     at emitTwo (events.js:106:13)
14 verbose stack     at EventEmitter.emit (events.js:191:7)
14 verbose stack     at ChildProcess.<anonymous> (C:\Program Files\nodejs\node_modules\npm\lib\utils\spawn.js:40:14)
14 verbose stack     at emitTwo (events.js:106:13)
14 verbose stack     at ChildProcess.emit (events.js:191:7)
14 verbose stack     at maybeClose (internal/child_process.js:885:16)
14 verbose stack     at Process.ChildProcess._handle.onexit (internal/child_process.js:226:5)
15 verbose pkgid mailbox@1.0.0
16 verbose cwd D:\WebServers\home\final\firebase\firebase.js
17 error Windows_NT 6.1.7601
18 error argv "C:\\Program Files\\nodejs\\node.exe" "C:\\Program Files\\nodejs\\node_modules\\npm\\bin\\npm-cli.js" "run" "build-css"
19 error node v7.3.0
20 error npm  v3.10.10
21 error code ELIFECYCLE
22 error mailbox@1.0.0 build-css: `node-sass --include-path scss app/main.scss app/main.css`
22 error Exit status 1
23 error Failed at the mailbox@1.0.0 build-css script 'node-sass --include-path scss app/main.scss app/main.css'.
23 error Make sure you have the latest version of node.js and npm installed.
23 error If you do, this is most likely a problem with the mailbox package,
23 error not with npm itself.
23 error Tell the author that this fails on your system:
23 error     node-sass --include-path scss app/main.scss app/main.css
23 error You can get information on how to open an issue for this project with:
23 error     npm bugs mailbox
23 error Or if that isn't available, you can get their info via:
23 error     npm owner ls mailbox
23 error There is likely additional logging output above.
24 verbose exit [ 1, true ]
